# JRE version: OpenJDK Runtime Environment Temurin-17.0.1+12 (17.0.1+12) (build 17.0.1+12)
# Java VM: OpenJDK 64-Bit Server VM Temurin-17.0.1+12 (17.0.1+12, mixed mode, tiered, compressed oops, compressed class ptrs, parallel gc, windows-amd64)
GC Precious Log:
 CPUs: 4 total, 4 available
 Memory: 8077M
 Large Page Support: Disabled
 NUMA Support: Disabled
 Compressed Oops: Enabled (32-bit)
 Alignments: Space 512K, Generation 512K, Heap 2M
 Heap Min Capacity: 100M
 Heap Initial Capacity: 100M
 Heap Max Capacity: 1G
 Pre-touch: Disabled
 Parallel Workers: 4
Heap:
 PSYoungGen      total 2048K, used 864K [0x00000000eab00000, 0x00000000eae00000, 0x0000000100000000)
  eden space 1024K, 0% used [0x00000000eab00000,0x00000000eab00000,0x00000000eac00000)
  from space 1024K, 84% used [0x00000000eac00000,0x00000000eacd8000,0x00000000ead00000)
  to   space 1024K, 0% used [0x00000000ead00000,0x00000000ead00000,0x00000000eae00000)
 ParOldGen       total 83456K, used 82612K [0x00000000c0000000, 0x00000000c5180000, 0x00000000eab00000)
  object space 83456K, 98% used [0x00000000c0000000,0x00000000c50ad1a8,0x00000000c5180000)
 Metaspace       used 82374K, committed 83456K, reserved 1130496K
  class space    used 8651K, committed 9152K, reserved 1048576K
GC Heap History (20 events):
Event: 2170.786 GC heap after
{Heap after GC invocations=467 (full 13):
 PSYoungGen      total 2560K, used 928K [0x00000000eab00000, 0x00000000eb000000, 0x0000000100000000)
  eden space 1536K, 0% used [0x00000000eab00000,0x00000000eab00000,0x00000000eac80000)
  from space 1024K, 90% used [0x00000000eaf00000,0x00000000eafe8000,0x00000000eb000000)
  to   space 1536K, 0% used [0x00000000ead00000,0x00000000ead00000,0x00000000eae80000)
 ParOldGen       total 83456K, used 75943K [0x00000000c0000000, 0x00000000c5180000, 0x00000000eab00000)
  object space 83456K, 90% used [0x00000000c0000000,0x00000000c4a29cd8,0x00000000c5180000)
 Metaspace       used 82332K, committed 83456K, reserved 1130496K
  class space    used 8649K, committed 9152K, reserved 1048576K
}
Event: 2170.809 GC heap before
{Heap before GC invocations=468 (full 13):
 PSYoungGen      total 2560K, used 2412K [0x00000000eab00000, 0x00000000eb000000, 0x0000000100000000)
  eden space 1536K, 96% used [0x00000000eab00000,0x00000000eac732e8,0x00000000eac80000)
  from space 1024K, 90% used [0x00000000eaf00000,0x00000000eafe8000,0x00000000eb000000)
  to   space 1536K, 0% used [0x00000000ead00000,0x00000000ead00000,0x00000000eae80000)
 ParOldGen       total 83456K, used 75943K [0x00000000c0000000, 0x00000000c5180000, 0x00000000eab00000)
  object space 83456K, 90% used [0x00000000c0000000,0x00000000c4a29cd8,0x00000000c5180000)
 Metaspace       used 82339K, committed 83456K, reserved 1130496K
  class space    used 8650K, committed 9152K, reserved 1048576K
}
Event: 2170.810 GC heap after
{Heap after GC invocations=468 (full 13):
 PSYoungGen      total 3584K, used 1235K [0x00000000eab00000, 0x00000000eb000000, 0x0000000100000000)
  eden space 2048K, 0% used [0x00000000eab00000,0x00000000eab00000,0x00000000ead00000)
  from space 1536K, 80% used [0x00000000ead00000,0x00000000eae34db8,0x00000000eae80000)
  to   space 1536K, 0% used [0x00000000eae80000,0x00000000eae80000,0x00000000eb000000)
 ParOldGen       total 83456K, used 76615K [0x00000000c0000000, 0x00000000c5180000, 0x00000000eab00000)
  object space 83456K, 91% used [0x00000000c0000000,0x00000000c4ad1cd8,0x00000000c5180000)
 Metaspace       used 82339K, committed 83456K, reserved 1130496K
  class space    used 8650K, committed 9152K, reserved 1048576K
}
Event: 2170.819 GC heap before
{Heap before GC invocations=469 (full 13):
 PSYoungGen      total 3584K, used 3200K [0x00000000eab00000, 0x00000000eb000000, 0x0000000100000000)
  eden space 2048K, 95% used [0x00000000eab00000,0x00000000eaceb618,0x00000000ead00000)
  from space 1536K, 80% used [0x00000000ead00000,0x00000000eae34db8,0x00000000eae80000)
  to   space 1536K, 0% used [0x00000000eae80000,0x00000000eae80000,0x00000000eb000000)
 ParOldGen       total 83456K, used 76615K [0x00000000c0000000, 0x00000000c5180000, 0x00000000eab00000)
  object space 83456K, 91% used [0x00000000c0000000,0x00000000c4ad1cd8,0x00000000c5180000)
 Metaspace       used 82339K, committed 83456K, reserved 1130496K
  class space    used 8650K, committed 9152K, reserved 1048576K
}
Event: 2170.820 GC heap after
{Heap after GC invocations=469 (full 13):
 PSYoungGen      total 3584K, used 1457K [0x00000000eab00000, 0x00000000eb080000, 0x0000000100000000)
  eden space 2048K, 0% used [0x00000000eab00000,0x00000000eab00000,0x00000000ead00000)
  from space 1536K, 94% used [0x00000000eae80000,0x00000000eafec490,0x00000000eb000000)
  to   space 1536K, 0% used [0x00000000ead00000,0x00000000ead00000,0x00000000eae80000)
 ParOldGen       total 83456K, used 78279K [0x00000000c0000000, 0x00000000c5180000, 0x00000000eab00000)
  object space 83456K, 93% used [0x00000000c0000000,0x00000000c4c71e58,0x00000000c5180000)
 Metaspace       used 82339K, committed 83456K, reserved 1130496K
  class space    used 8650K, committed 9152K, reserved 1048576K
}
Event: 2170.852 GC heap before
{Heap before GC invocations=470 (full 13):
 PSYoungGen      total 3584K, used 3505K [0x00000000eab00000, 0x00000000eb080000, 0x0000000100000000)
  eden space 2048K, 100% used [0x00000000eab00000,0x00000000ead00000,0x00000000ead00000)
  from space 1536K, 94% used [0x00000000eae80000,0x00000000eafec490,0x00000000eb000000)
  to   space 1536K, 0% used [0x00000000ead00000,0x00000000ead00000,0x00000000eae80000)
 ParOldGen       total 83456K, used 78279K [0x00000000c0000000, 0x00000000c5180000, 0x00000000eab00000)
  object space 83456K, 93% used [0x00000000c0000000,0x00000000c4c71e58,0x00000000c5180000)
 Metaspace       used 82356K, committed 83456K, reserved 1130496K
  class space    used 8651K, committed 9152K, reserved 1048576K
}
Event: 2170.853 GC heap after
{Heap after GC invocations=470 (full 13):
 PSYoungGen      total 3584K, used 384K [0x00000000eab00000, 0x00000000eaf80000, 0x0000000100000000)
  eden space 2048K, 0% used [0x00000000eab00000,0x00000000eab00000,0x00000000ead00000)
  from space 1536K, 25% used [0x00000000ead00000,0x00000000ead60000,0x00000000eae80000)
  to   space 1024K, 0% used [0x00000000eae80000,0x00000000eae80000,0x00000000eaf80000)
 ParOldGen       total 83456K, used 78287K [0x00000000c0000000, 0x00000000c5180000, 0x00000000eab00000)
  object space 83456K, 93% used [0x00000000c0000000,0x00000000c4c73e58,0x00000000c5180000)
 Metaspace       used 82356K, committed 83456K, reserved 1130496K
  class space    used 8651K, committed 9152K, reserved 1048576K
}
Event: 2177.752 GC heap before
{Heap before GC invocations=471 (full 13):
 PSYoungGen      total 3584K, used 2432K [0x00000000eab00000, 0x00000000eaf80000, 0x0000000100000000)
  eden space 2048K, 100% used [0x00000000eab00000,0x00000000ead00000,0x00000000ead00000)
  from space 1536K, 25% used [0x00000000ead00000,0x00000000ead60000,0x00000000eae80000)
  to   space 1024K, 0% used [0x00000000eae80000,0x00000000eae80000,0x00000000eaf80000)
 ParOldGen       total 83456K, used 78287K [0x00000000c0000000, 0x00000000c5180000, 0x00000000eab00000)
  object space 83456K, 93% used [0x00000000c0000000,0x00000000c4c73e58,0x00000000c5180000)
 Metaspace       used 82369K, committed 83456K, reserved 1130496K
  class space    used 8651K, committed 9152K, reserved 1048576K
}
Event: 2177.754 GC heap after
{Heap after GC invocations=471 (full 13):
 PSYoungGen      total 2560K, used 160K [0x00000000eab00000, 0x00000000eaf00000, 0x0000000100000000)
  eden space 2048K, 0% used [0x00000000eab00000,0x00000000eab00000,0x00000000ead00000)
  from space 512K, 31% used [0x00000000eae80000,0x00000000eaea8000,0x00000000eaf00000)
  to   space 512K, 0% used [0x00000000eae00000,0x00000000eae00000,0x00000000eae80000)
 ParOldGen       total 83456K, used 78551K [0x00000000c0000000, 0x00000000c5180000, 0x00000000eab00000)
  object space 83456K, 94% used [0x00000000c0000000,0x00000000c4cb5e58,0x00000000c5180000)
 Metaspace       used 82369K, committed 83456K, reserved 1130496K
  class space    used 8651K, committed 9152K, reserved 1048576K
}
Event: 2177.835 GC heap before
{Heap before GC invocations=472 (full 13):
 PSYoungGen      total 2560K, used 2186K [0x00000000eab00000, 0x00000000eaf00000, 0x0000000100000000)
  eden space 2048K, 98% used [0x00000000eab00000,0x00000000eacfaa28,0x00000000ead00000)
  from space 512K, 31% used [0x00000000eae80000,0x00000000eaea8000,0x00000000eaf00000)
  to   space 512K, 0% used [0x00000000eae00000,0x00000000eae00000,0x00000000eae80000)
 ParOldGen       total 83456K, used 78551K [0x00000000c0000000, 0x00000000c5180000, 0x00000000eab00000)
  object space 83456K, 94% used [0x00000000c0000000,0x00000000c4cb5e58,0x00000000c5180000)
 Metaspace       used 82374K, committed 83456K, reserved 1130496K
  class space    used 8651K, committed 9152K, reserved 1048576K
}
Event: 2177.835 GC heap after
{Heap after GC invocations=472 (full 13):
 PSYoungGen      total 2560K, used 470K [0x00000000eab00000, 0x00000000eaf00000, 0x0000000100000000)
  eden space 2048K, 0% used [0x00000000eab00000,0x00000000eab00000,0x00000000ead00000)
  from space 512K, 91% used [0x00000000eae00000,0x00000000eae759a8,0x00000000eae80000)
  to   space 512K, 0% used [0x00000000eae80000,0x00000000eae80000,0x00000000eaf00000)
 ParOldGen       total 83456K, used 78671K [0x00000000c0000000, 0x00000000c5180000, 0x00000000eab00000)
  object space 83456K, 94% used [0x00000000c0000000,0x00000000c4cd3e58,0x00000000c5180000)
 Metaspace       used 82374K, committed 83456K, reserved 1130496K
  class space    used 8651K, committed 9152K, reserved 1048576K
}
Event: 2177.852 GC heap before
{Heap before GC invocations=473 (full 13):
 PSYoungGen      total 2560K, used 2518K [0x00000000eab00000, 0x00000000eaf00000, 0x0000000100000000)
  eden space 2048K, 100% used [0x00000000eab00000,0x00000000ead00000,0x00000000ead00000)
  from space 512K, 91% used [0x00000000eae00000,0x00000000eae759a8,0x00000000eae80000)
  to   space 512K, 0% used [0x00000000eae80000,0x00000000eae80000,0x00000000eaf00000)
 ParOldGen       total 83456K, used 78671K [0x00000000c0000000, 0x00000000c5180000, 0x00000000eab00000)
  object space 83456K, 94% used [0x00000000c0000000,0x00000000c4cd3e58,0x00000000c5180000)
 Metaspace       used 82374K, committed 83456K, reserved 1130496K
  class space    used 8651K, committed 9152K, reserved 1048576K
}
Event: 2177.854 GC heap after
{Heap after GC invocations=473 (full 13):
 PSYoungGen      total 1536K, used 502K [0x00000000eab00000, 0x00000000eb200000, 0x0000000100000000)
  eden space 1024K, 0% used [0x00000000eab00000,0x00000000eab00000,0x00000000eac00000)
  from space 512K, 98% used [0x00000000eae80000,0x00000000eaefd9a8,0x00000000eaf00000)
  to   space 2560K, 0% used [0x00000000eac00000,0x00000000eac00000,0x00000000eae80000)
 ParOldGen       total 83456K, used 80382K [0x00000000c0000000, 0x00000000c5180000, 0x00000000eab00000)
  object space 83456K, 96% used [0x00000000c0000000,0x00000000c4e7f800,0x00000000c5180000)
 Metaspace       used 82374K, committed 83456K, reserved 1130496K
  class space    used 8651K, committed 9152K, reserved 1048576K
}
Event: 2177.871 GC heap before
{Heap before GC invocations=474 (full 13):
 PSYoungGen      total 1536K, used 1526K [0x00000000eab00000, 0x00000000eb200000, 0x0000000100000000)
  eden space 1024K, 100% used [0x00000000eab00000,0x00000000eac00000,0x00000000eac00000)
  from space 512K, 98% used [0x00000000eae80000,0x00000000eaefd9a8,0x00000000eaf00000)
  to   space 2560K, 0% used [0x00000000eac00000,0x00000000eac00000,0x00000000eae80000)
 ParOldGen       total 83456K, used 80382K [0x00000000c0000000, 0x00000000c5180000, 0x00000000eab00000)
  object space 83456K, 96% used [0x00000000c0000000,0x00000000c4e7f800,0x00000000c5180000)
 Metaspace       used 82374K, committed 83456K, reserved 1130496K
  class space    used 8651K, committed 9152K, reserved 1048576K
}
Event: 2177.873 GC heap after
{Heap after GC invocations=474 (full 13):
 PSYoungGen      total 2048K, used 800K [0x00000000eab00000, 0x00000000eaf00000, 0x0000000100000000)
  eden space 1024K, 0% used [0x00000000eab00000,0x00000000eab00000,0x00000000eac00000)
  from space 1024K, 78% used [0x00000000eac00000,0x00000000eacc8000,0x00000000ead00000)
  to   space 1536K, 0% used [0x00000000ead80000,0x00000000ead80000,0x00000000eaf00000)
 ParOldGen       total 83456K, used 80900K [0x00000000c0000000, 0x00000000c5180000, 0x00000000eab00000)
  object space 83456K, 96% used [0x00000000c0000000,0x00000000c4f011a8,0x00000000c5180000)
 Metaspace       used 82374K, committed 83456K, reserved 1130496K
  class space    used 8651K, committed 9152K, reserved 1048576K
}
Event: 2177.888 GC heap before
{Heap before GC invocations=475 (full 13):
 PSYoungGen      total 2048K, used 1824K [0x00000000eab00000, 0x00000000eaf00000, 0x0000000100000000)
  eden space 1024K, 100% used [0x00000000eab00000,0x00000000eac00000,0x00000000eac00000)
  from space 1024K, 78% used [0x00000000eac00000,0x00000000eacc8000,0x00000000ead00000)
  to   space 1536K, 0% used [0x00000000ead80000,0x00000000ead80000,0x00000000eaf00000)
 ParOldGen       total 83456K, used 80900K [0x00000000c0000000, 0x00000000c5180000, 0x00000000eab00000)
  object space 83456K, 96% used [0x00000000c0000000,0x00000000c4f011a8,0x00000000c5180000)
 Metaspace       used 82374K, committed 83456K, reserved 1130496K
  class space    used 8651K, committed 9152K, reserved 1048576K
}
Event: 2177.890 GC heap after
{Heap after GC invocations=475 (full 13):
 PSYoungGen      total 2560K, used 992K [0x00000000eab00000, 0x00000000eaf00000, 0x0000000100000000)
  eden space 1024K, 0% used [0x00000000eab00000,0x00000000eab00000,0x00000000eac00000)
  from space 1536K, 64% used [0x00000000ead80000,0x00000000eae78000,0x00000000eaf00000)
  to   space 1536K, 0% used [0x00000000eac00000,0x00000000eac00000,0x00000000ead80000)
 ParOldGen       total 83456K, used 81668K [0x00000000c0000000, 0x00000000c5180000, 0x00000000eab00000)
  object space 83456K, 97% used [0x00000000c0000000,0x00000000c4fc11a8,0x00000000c5180000)
 Metaspace       used 82374K, committed 83456K, reserved 1130496K
  class space    used 8651K, committed 9152K, reserved 1048576K
}
Event: 2177.897 GC heap before
{Heap before GC invocations=476 (full 13):
 PSYoungGen      total 2560K, used 2016K [0x00000000eab00000, 0x00000000eaf00000, 0x0000000100000000)
  eden space 1024K, 100% used [0x00000000eab00000,0x00000000eac00000,0x00000000eac00000)
  from space 1536K, 64% used [0x00000000ead80000,0x00000000eae78000,0x00000000eaf00000)
  to   space 1536K, 0% used [0x00000000eac00000,0x00000000eac00000,0x00000000ead80000)
 ParOldGen       total 83456K, used 81668K [0x00000000c0000000, 0x00000000c5180000, 0x00000000eab00000)
  object space 83456K, 97% used [0x00000000c0000000,0x00000000c4fc11a8,0x00000000c5180000)
 Metaspace       used 82374K, committed 83456K, reserved 1130496K
  class space    used 8651K, committed 9152K, reserved 1048576K
}
Event: 2177.899 GC heap after
{Heap after GC invocations=476 (full 13):
 PSYoungGen      total 2048K, used 864K [0x00000000eab00000, 0x00000000eae00000, 0x0000000100000000)
  eden space 1024K, 0% used [0x00000000eab00000,0x00000000eab00000,0x00000000eac00000)
  from space 1024K, 84% used [0x00000000eac00000,0x00000000eacd8000,0x00000000ead00000)
  to   space 1024K, 0% used [0x00000000ead00000,0x00000000ead00000,0x00000000eae00000)
 ParOldGen       total 83456K, used 82612K [0x00000000c0000000, 0x00000000c5180000, 0x00000000eab00000)
  object space 83456K, 98% used [0x00000000c0000000,0x00000000c50ad1a8,0x00000000c5180000)
 Metaspace       used 82374K, committed 83456K, reserved 1130496K
  class space    used 8651K, committed 9152K, reserved 1048576K
}
Event: 2177.899 GC heap before
{Heap before GC invocations=477 (full 14):
 PSYoungGen      total 2048K, used 864K [0x00000000eab00000, 0x00000000eae00000, 0x0000000100000000)
  eden space 1024K, 0% used [0x00000000eab00000,0x00000000eab00000,0x00000000eac00000)
  from space 1024K, 84% used [0x00000000eac00000,0x00000000eacd8000,0x00000000ead00000)
  to   space 1024K, 0% used [0x00000000ead00000,0x00000000ead00000,0x00000000eae00000)
 ParOldGen       total 83456K, used 82612K [0x00000000c0000000, 0x00000000c5180000, 0x00000000eab00000)
  object space 83456K, 98% used [0x00000000c0000000,0x00000000c50ad1a8,0x00000000c5180000)
 Metaspace       used 82374K, committed 83456K, reserved 1130496K
  class space    used 8651K, committed 9152K, reserved 1048576K
}

